Grammar

    0 $accept: program $end

    1 program: main_class class_decl_list
    2        | main_class

    3 main_class: CLASS ID O_BR PUBLIC STATIC VOID MAIN O_PAREN STRING O_SQ C_SQ ID C_PAREN O_BR statement C_BR C_BR

    4 class_decl_list: class_decl_list class_decl
    5                | class_decl

    6 class_decl: CLASS ID O_BR var_decl_list method_decl_list C_BR
    7           | CLASS ID EXTENDS ID O_BR var_decl_list method_decl_list C_BR
    8           | CLASS ID O_BR var_decl_list C_BR
    9           | CLASS ID EXTENDS ID O_BR var_decl_list C_BR
   10           | CLASS ID O_BR method_decl_list C_BR
   11           | CLASS ID EXTENDS ID O_BR method_decl_list C_BR
   12           | CLASS ID O_BR C_BR
   13           | CLASS ID EXTENDS ID O_BR C_BR

   14 var_decl_list: var_decl_list var_decl
   15              | var_decl

   16 var_decl: INT ID SEMI
   17         | BOOL ID SEMI
   18         | ID ID SEMI
   19         | INT type_bracket_list ID SEMI
   20         | BOOL type_bracket_list ID SEMI
   21         | ID type_bracket_list ID SEMI

   22 type_bracket_list: type_bracket_list O_SQ C_SQ
   23                  | O_SQ C_SQ

   24 method_decl_list: method_decl_list method_decl
   25                 | method_decl

   26 method_decl: PUBLIC type ID O_PAREN formal_list C_PAREN O_BR var_decl_list statement_list RETURN full_exp SEMI C_BR
   27            | PUBLIC type ID O_PAREN C_PAREN O_BR var_decl_list statement_list RETURN full_exp SEMI C_BR
   28            | PUBLIC type ID O_PAREN formal_list C_PAREN O_BR statement_list RETURN full_exp SEMI C_BR
   29            | PUBLIC type ID O_PAREN C_PAREN O_BR statement_list RETURN full_exp SEMI C_BR
   30            | PUBLIC type ID O_PAREN formal_list C_PAREN O_BR var_decl_list RETURN full_exp SEMI C_BR
   31            | PUBLIC type ID O_PAREN C_PAREN O_BR var_decl_list RETURN full_exp SEMI C_BR
   32            | PUBLIC type ID O_PAREN formal_list C_PAREN O_BR RETURN full_exp SEMI C_BR
   33            | PUBLIC type ID O_PAREN C_PAREN O_BR RETURN full_exp SEMI C_BR

   34 formal_list: type ID formal_rest_list
   35            | type ID

   36 formal_rest_list: formal_rest_list formal_rest
   37                 | formal_rest

   38 formal_rest: COMMA type ID

   39 type: prime_type
   40     | type O_SQ C_SQ

   41 prime_type: INT
   42           | BOOL
   43           | ID

   44 statement_list: statement_list statement
   45               | statement

   46 statement: O_BR statement_list C_BR
   47          | O_BR C_BR
   48          | IF O_PAREN full_exp C_PAREN statement ELSE statement
   49          | WHILE O_PAREN full_exp C_PAREN statement
   50          | PRINT_STATE O_PAREN full_exp C_PAREN SEMI
   51          | PRINT_STATE O_PAREN STRING_LITERAL C_PAREN SEMI
   52          | PRINT_STATE_LN O_PAREN full_exp C_PAREN SEMI
   53          | PRINT_STATE_LN O_PAREN STRING_LITERAL C_PAREN SEMI
   54          | ID EQUAL full_exp SEMI
   55          | ID index EQUAL full_exp SEMI
   56          | RETURN full_exp SEMI

   57 index: O_SQ full_exp C_SQ
   58      | index O_SQ full_exp C_SQ

   59 full_exp: or_term

   60 or_term: and_term
   61        | or_term OR and_term

   62 and_term: eq_term
   63         | and_term AND eq_term

   64 eq_term: gr_le_term
   65        | eq_term EQEQ gr_le_term
   66        | eq_term N_EQ gr_le_term

   67 gr_le_term: add_term
   68           | gr_le_term LESS add_term
   69           | gr_le_term GREAT add_term
   70           | gr_le_term L_EQ add_term
   71           | gr_le_term G_EQ add_term

   72 add_term: mul_term
   73         | add_term PLUS mul_term
   74         | add_term MINUS mul_term

   75 mul_term: un_op
   76         | mul_term DIV un_op
   77         | mul_term MUL un_op

   78 un_op: exp
   79      | NOT un_op
   80      | PLUS un_op
   81      | MINUS un_op

   82 exp: ID
   83    | ID index
   84    | ID DOT LENGTH
   85    | ID index DOT LENGTH
   86    | INTEGER_LITERAL
   87    | TRUE
   88    | FALSE
   89    | object
   90    | ID DOT ID O_PAREN exp_list C_PAREN
   91    | object DOT ID O_PAREN exp_list C_PAREN
   92    | ID DOT ID O_PAREN C_PAREN
   93    | object DOT ID O_PAREN C_PAREN
   94    | O_PAREN full_exp C_PAREN

   95 object: THIS
   96       | NEW ID O_PAREN C_PAREN
   97       | NEW prime_type index

   98 exp_rest_list: exp_rest_list exp_rest
   99              | exp_rest

  100 exp_list: full_exp exp_rest_list
  101         | full_exp

  102 exp_rest: COMMA full_exp


Terminals, with rules where they appear

    $end (0) 0
    error (256)
    THIS (258) 95
    NEW (259) 96 97
    EXTENDS (260) 7 9 11 13
    RETURN (261) 26 27 28 29 30 31 32 33 56
    LENGTH (262) 84 85
    PRINT_STATE (263) 50 51
    PRINT_STATE_LN (264) 52 53
    IF (265) 48
    ELSE (266) 48
    WHILE (267) 49
    STRING (268) 3
    CLASS (269) 3 6 7 8 9 10 11 12 13
    MAIN (270) 3
    STATIC (271) 3
    VOID (272) 3
    PUBLIC (273) 3 26 27 28 29 30 31 32 33
    SEMI (274) 16 17 18 19 20 21 26 27 28 29 30 31 32 33 50 51 52 53 54 55 56
    COMMA (275) 38 102
    NOT (276) 79
    PLUS (277) 73 80
    MINUS (278) 74 81
    EQUAL (279) 54 55
    TRUE (280) 87
    FALSE (281) 88
    DOT (282) 84 85 90 91 92 93
    O_PAREN (283) 3 26 27 28 29 30 31 32 33 48 49 50 51 52 53 90 91 92 93 94 96
    C_PAREN (284) 3 26 27 28 29 30 31 32 33 48 49 50 51 52 53 90 91 92 93 94 96
    O_BR (285) 3 6 7 8 9 10 11 12 13 26 27 28 29 30 31 32 33 46 47
    C_BR (286) 3 6 7 8 9 10 11 12 13 26 27 28 29 30 31 32 33 46 47
    O_SQ (287) 3 22 23 40 57 58
    C_SQ (288) 3 22 23 40 57 58
    STRING_LITERAL <st_l> (289) 51 53
    INTEGER_LITERAL <in_l> (290) 86
    ID <id> (291) 3 6 7 8 9 10 11 12 13 16 17 18 19 20 21 26 27 28 29 30 31 32 33 34 35 38 43 54 55 82 83 84 85 90 91 92 93 96
    INT (292) 16 19 41
    BOOL (293) 17 20 42
    AND (294) 63
    OR (295) 61
    G_EQ (296) 71
    L_EQ (297) 70
    EQEQ (298) 65
    N_EQ (299) 66
    GREAT (300) 69
    LESS (301) 68
    MUL (302) 77
    DIV (303) 76


Nonterminals, with rules where they appear

    $accept (49)
        on left: 0
    program <node> (50)
        on left: 1 2
        on right: 0
    main_class <main> (51)
        on left: 3
        on right: 1 2
    class_decl_list <cdl> (52)
        on left: 4 5
        on right: 1 4
    class_decl <cd> (53)
        on left: 6 7 8 9 10 11 12 13
        on right: 4 5
    var_decl_list <vdl> (54)
        on left: 14 15
        on right: 6 7 8 9 14 26 27 30 31
    var_decl <vd> (55)
        on left: 16 17 18 19 20 21
        on right: 14 15
    type_bracket_list <tp_i> (56)
        on left: 22 23
        on right: 19 20 21 22
    method_decl_list <mdl> (57)
        on left: 24 25
        on right: 6 7 10 11 24
    method_decl <md> (58)
        on left: 26 27 28 29 30 31 32 33
        on right: 24 25
    formal_list <fl> (59)
        on left: 34 35
        on right: 26 28 30 32
    formal_rest_list <frl> (60)
        on left: 36 37
        on right: 34 36
    formal_rest <fr> (61)
        on left: 38
        on right: 36 37
    type <type> (62)
        on left: 39 40
        on right: 26 27 28 29 30 31 32 33 34 35 38 40
    prime_type <prt> (63)
        on left: 41 42 43
        on right: 39 97
    statement_list <sl> (64)
        on left: 44 45
        on right: 26 27 28 29 44 46
    statement <s> (65)
        on left: 46 47 48 49 50 51 52 53 54 55 56
        on right: 3 44 45 48 49
    index <i> (66)
        on left: 57 58
        on right: 55 58 83 85 97
    full_exp <e> (67)
        on left: 59
        on right: 26 27 28 29 30 31 32 33 48 49 50 52 54 55 56 57 58 94 100 101 102
    or_term <e> (68)
        on left: 60 61
        on right: 59 61
    and_term <e> (69)
        on left: 62 63
        on right: 60 61 63
    eq_term <e> (70)
        on left: 64 65 66
        on right: 62 63 65 66
    gr_le_term <e> (71)
        on left: 67 68 69 70 71
        on right: 64 65 66 68 69 70 71
    add_term <e> (72)
        on left: 72 73 74
        on right: 67 68 69 70 71 73 74
    mul_term <e> (73)
        on left: 75 76 77
        on right: 72 73 74 76 77
    un_op <e> (74)
        on left: 78 79 80 81
        on right: 75 76 77 79 80 81
    exp <e> (75)
        on left: 82 83 84 85 86 87 88 89 90 91 92 93 94
        on right: 78
    object <obj> (76)
        on left: 95 96 97
        on right: 89 91 93
    exp_rest_list <erl> (77)
        on left: 98 99
        on right: 98 100
    exp_list <el> (78)
        on left: 100 101
        on right: 90 91
    exp_rest <er> (79)
        on left: 102
        on right: 98 99


State 0

    0 $accept: • program $end

    CLASS  shift, and go to state 1

    program     go to state 2
    main_class  go to state 3


State 1

    3 main_class: CLASS • ID O_BR PUBLIC STATIC VOID MAIN O_PAREN STRING O_SQ C_SQ ID C_PAREN O_BR statement C_BR C_BR

    ID  shift, and go to state 4


State 2

    0 $accept: program • $end

    $end  shift, and go to state 5


State 3

    1 program: main_class • class_decl_list
    2        | main_class •

    CLASS  shift, and go to state 6

    $default  reduce using rule 2 (program)

    class_decl_list  go to state 7
    class_decl       go to state 8


State 4

    3 main_class: CLASS ID • O_BR PUBLIC STATIC VOID MAIN O_PAREN STRING O_SQ C_SQ ID C_PAREN O_BR statement C_BR C_BR

    O_BR  shift, and go to state 9


State 5

    0 $accept: program $end •

    $default  accept


State 6

    6 class_decl: CLASS • ID O_BR var_decl_list method_decl_list C_BR
    7           | CLASS • ID EXTENDS ID O_BR var_decl_list method_decl_list C_BR
    8           | CLASS • ID O_BR var_decl_list C_BR
    9           | CLASS • ID EXTENDS ID O_BR var_decl_list C_BR
   10           | CLASS • ID O_BR method_decl_list C_BR
   11           | CLASS • ID EXTENDS ID O_BR method_decl_list C_BR
   12           | CLASS • ID O_BR C_BR
   13           | CLASS • ID EXTENDS ID O_BR C_BR

    ID  shift, and go to state 10


State 7

    1 program: main_class class_decl_list •
    4 class_decl_list: class_decl_list • class_decl

    CLASS  shift, and go to state 6

    $default  reduce using rule 1 (program)

    class_decl  go to state 11


State 8

    5 class_decl_list: class_decl •

    $default  reduce using rule 5 (class_decl_list)


State 9

    3 main_class: CLASS ID O_BR • PUBLIC STATIC VOID MAIN O_PAREN STRING O_SQ C_SQ ID C_PAREN O_BR statement C_BR C_BR

    PUBLIC  shift, and go to state 12


State 10

    6 class_decl: CLASS ID • O_BR var_decl_list method_decl_list C_BR
    7           | CLASS ID • EXTENDS ID O_BR var_decl_list method_decl_list C_BR
    8           | CLASS ID • O_BR var_decl_list C_BR
    9           | CLASS ID • EXTENDS ID O_BR var_decl_list C_BR
   10           | CLASS ID • O_BR method_decl_list C_BR
   11           | CLASS ID • EXTENDS ID O_BR method_decl_list C_BR
   12           | CLASS ID • O_BR C_BR
   13           | CLASS ID • EXTENDS ID O_BR C_BR

    EXTENDS  shift, and go to state 13
    O_BR     shift, and go to state 14


State 11

    4 class_decl_list: class_decl_list class_decl •

    $default  reduce using rule 4 (class_decl_list)


State 12

    3 main_class: CLASS ID O_BR PUBLIC • STATIC VOID MAIN O_PAREN STRING O_SQ C_SQ ID C_PAREN O_BR statement C_BR C_BR

    STATIC  shift, and go to state 15


State 13

    7 class_decl: CLASS ID EXTENDS • ID O_BR var_decl_list method_decl_list C_BR
    9           | CLASS ID EXTENDS • ID O_BR var_decl_list C_BR
   11           | CLASS ID EXTENDS • ID O_BR method_decl_list C_BR
   13           | CLASS ID EXTENDS • ID O_BR C_BR

    ID  shift, and go to state 16


State 14

    6 class_decl: CLASS ID O_BR • var_decl_list method_decl_list C_BR
    8           | CLASS ID O_BR • var_decl_list C_BR
   10           | CLASS ID O_BR • method_decl_list C_BR
   12           | CLASS ID O_BR • C_BR

    PUBLIC  shift, and go to state 17
    C_BR    shift, and go to state 18
    ID      shift, and go to state 19
    INT     shift, and go to state 20
    BOOL    shift, and go to state 21

    var_decl_list     go to state 22
    var_decl          go to state 23
    method_decl_list  go to state 24
    method_decl       go to state 25


State 15

    3 main_class: CLASS ID O_BR PUBLIC STATIC • VOID MAIN O_PAREN STRING O_SQ C_SQ ID C_PAREN O_BR statement C_BR C_BR

    VOID  shift, and go to state 26


State 16

    7 class_decl: CLASS ID EXTENDS ID • O_BR var_decl_list method_decl_list C_BR
    9           | CLASS ID EXTENDS ID • O_BR var_decl_list C_BR
   11           | CLASS ID EXTENDS ID • O_BR method_decl_list C_BR
   13           | CLASS ID EXTENDS ID • O_BR C_BR

    O_BR  shift, and go to state 27


State 17

   26 method_decl: PUBLIC • type ID O_PAREN formal_list C_PAREN O_BR var_decl_list statement_list RETURN full_exp SEMI C_BR
   27            | PUBLIC • type ID O_PAREN C_PAREN O_BR var_decl_list statement_list RETURN full_exp SEMI C_BR
   28            | PUBLIC • type ID O_PAREN formal_list C_PAREN O_BR statement_list RETURN full_exp SEMI C_BR
   29            | PUBLIC • type ID O_PAREN C_PAREN O_BR statement_list RETURN full_exp SEMI C_BR
   30            | PUBLIC • type ID O_PAREN formal_list C_PAREN O_BR var_decl_list RETURN full_exp SEMI C_BR
   31            | PUBLIC • type ID O_PAREN C_PAREN O_BR var_decl_list RETURN full_exp SEMI C_BR
   32            | PUBLIC • type ID O_PAREN formal_list C_PAREN O_BR RETURN full_exp SEMI C_BR
   33            | PUBLIC • type ID O_PAREN C_PAREN O_BR RETURN full_exp SEMI C_BR

    ID    shift, and go to state 28
    INT   shift, and go to state 29
    BOOL  shift, and go to state 30

    type        go to state 31
    prime_type  go to state 32


State 18

   12 class_decl: CLASS ID O_BR C_BR •

    $default  reduce using rule 12 (class_decl)


State 19

   18 var_decl: ID • ID SEMI
   21         | ID • type_bracket_list ID SEMI

    O_SQ  shift, and go to state 33
    ID    shift, and go to state 34

    type_bracket_list  go to state 35


State 20

   16 var_decl: INT • ID SEMI
   19         | INT • type_bracket_list ID SEMI

    O_SQ  shift, and go to state 33
    ID    shift, and go to state 36

    type_bracket_list  go to state 37


State 21

   17 var_decl: BOOL • ID SEMI
   20         | BOOL • type_bracket_list ID SEMI

    O_SQ  shift, and go to state 33
    ID    shift, and go to state 38

    type_bracket_list  go to state 39


State 22

    6 class_decl: CLASS ID O_BR var_decl_list • method_decl_list C_BR
    8           | CLASS ID O_BR var_decl_list • C_BR
   14 var_decl_list: var_decl_list • var_decl

    PUBLIC  shift, and go to state 17
    C_BR    shift, and go to state 40
    ID      shift, and go to state 19
    INT     shift, and go to state 20
    BOOL    shift, and go to state 21

    var_decl          go to state 41
    method_decl_list  go to state 42
    method_decl       go to state 25


State 23

   15 var_decl_list: var_decl •

    $default  reduce using rule 15 (var_decl_list)


State 24

   10 class_decl: CLASS ID O_BR method_decl_list • C_BR
   24 method_decl_list: method_decl_list • method_decl

    PUBLIC  shift, and go to state 17
    C_BR    shift, and go to state 43

    method_decl  go to state 44


State 25

   25 method_decl_list: method_decl •

    $default  reduce using rule 25 (method_decl_list)


State 26

    3 main_class: CLASS ID O_BR PUBLIC STATIC VOID • MAIN O_PAREN STRING O_SQ C_SQ ID C_PAREN O_BR statement C_BR C_BR

    MAIN  shift, and go to state 45


State 27

    7 class_decl: CLASS ID EXTENDS ID O_BR • var_decl_list method_decl_list C_BR
    9           | CLASS ID EXTENDS ID O_BR • var_decl_list C_BR
   11           | CLASS ID EXTENDS ID O_BR • method_decl_list C_BR
   13           | CLASS ID EXTENDS ID O_BR • C_BR

    PUBLIC  shift, and go to state 17
    C_BR    shift, and go to state 46
    ID      shift, and go to state 19
    INT     shift, and go to state 20
    BOOL    shift, and go to state 21

    var_decl_list     go to state 47
    var_decl          go to state 23
    method_decl_list  go to state 48
    method_decl       go to state 25


State 28

   43 prime_type: ID •

    $default  reduce using rule 43 (prime_type)


State 29

   41 prime_type: INT •

    $default  reduce using rule 41 (prime_type)


State 30

   42 prime_type: BOOL •

    $default  reduce using rule 42 (prime_type)


State 31

   26 method_decl: PUBLIC type • ID O_PAREN formal_list C_PAREN O_BR var_decl_list statement_list RETURN full_exp SEMI C_BR
   27            | PUBLIC type • ID O_PAREN C_PAREN O_BR var_decl_list statement_list RETURN full_exp SEMI C_BR
   28            | PUBLIC type • ID O_PAREN formal_list C_PAREN O_BR statement_list RETURN full_exp SEMI C_BR
   29            | PUBLIC type • ID O_PAREN C_PAREN O_BR statement_list RETURN full_exp SEMI C_BR
   30            | PUBLIC type • ID O_PAREN formal_list C_PAREN O_BR var_decl_list RETURN full_exp SEMI C_BR
   31            | PUBLIC type • ID O_PAREN C_PAREN O_BR var_decl_list RETURN full_exp SEMI C_BR
   32            | PUBLIC type • ID O_PAREN formal_list C_PAREN O_BR RETURN full_exp SEMI C_BR
   33            | PUBLIC type • ID O_PAREN C_PAREN O_BR RETURN full_exp SEMI C_BR
   40 type: type • O_SQ C_SQ

    O_SQ  shift, and go to state 49
    ID    shift, and go to state 50


State 32

   39 type: prime_type •

    $default  reduce using rule 39 (type)


State 33

   23 type_bracket_list: O_SQ • C_SQ

    C_SQ  shift, and go to state 51


State 34

   18 var_decl: ID ID • SEMI

    SEMI  shift, and go to state 52


State 35

   21 var_decl: ID type_bracket_list • ID SEMI
   22 type_bracket_list: type_bracket_list • O_SQ C_SQ

    O_SQ  shift, and go to state 53
    ID    shift, and go to state 54


State 36

   16 var_decl: INT ID • SEMI

    SEMI  shift, and go to state 55


State 37

   19 var_decl: INT type_bracket_list • ID SEMI
   22 type_bracket_list: type_bracket_list • O_SQ C_SQ

    O_SQ  shift, and go to state 53
    ID    shift, and go to state 56


State 38

   17 var_decl: BOOL ID • SEMI

    SEMI  shift, and go to state 57


State 39

   20 var_decl: BOOL type_bracket_list • ID SEMI
   22 type_bracket_list: type_bracket_list • O_SQ C_SQ

    O_SQ  shift, and go to state 53
    ID    shift, and go to state 58


State 40

    8 class_decl: CLASS ID O_BR var_decl_list C_BR •

    $default  reduce using rule 8 (class_decl)


State 41

   14 var_decl_list: var_decl_list var_decl •

    $default  reduce using rule 14 (var_decl_list)


State 42

    6 class_decl: CLASS ID O_BR var_decl_list method_decl_list • C_BR
   24 method_decl_list: method_decl_list • method_decl

    PUBLIC  shift, and go to state 17
    C_BR    shift, and go to state 59

    method_decl  go to state 44


State 43

   10 class_decl: CLASS ID O_BR method_decl_list C_BR •

    $default  reduce using rule 10 (class_decl)


State 44

   24 method_decl_list: method_decl_list method_decl •

    $default  reduce using rule 24 (method_decl_list)


State 45

    3 main_class: CLASS ID O_BR PUBLIC STATIC VOID MAIN • O_PAREN STRING O_SQ C_SQ ID C_PAREN O_BR statement C_BR C_BR

    O_PAREN  shift, and go to state 60


State 46

   13 class_decl: CLASS ID EXTENDS ID O_BR C_BR •

    $default  reduce using rule 13 (class_decl)


State 47

    7 class_decl: CLASS ID EXTENDS ID O_BR var_decl_list • method_decl_list C_BR
    9           | CLASS ID EXTENDS ID O_BR var_decl_list • C_BR
   14 var_decl_list: var_decl_list • var_decl

    PUBLIC  shift, and go to state 17
    C_BR    shift, and go to state 61
    ID      shift, and go to state 19
    INT     shift, and go to state 20
    BOOL    shift, and go to state 21

    var_decl          go to state 41
    method_decl_list  go to state 62
    method_decl       go to state 25


State 48

   11 class_decl: CLASS ID EXTENDS ID O_BR method_decl_list • C_BR
   24 method_decl_list: method_decl_list • method_decl

    PUBLIC  shift, and go to state 17
    C_BR    shift, and go to state 63

    method_decl  go to state 44


State 49

   40 type: type O_SQ • C_SQ

    C_SQ  shift, and go to state 64


State 50

   26 method_decl: PUBLIC type ID • O_PAREN formal_list C_PAREN O_BR var_decl_list statement_list RETURN full_exp SEMI C_BR
   27            | PUBLIC type ID • O_PAREN C_PAREN O_BR var_decl_list statement_list RETURN full_exp SEMI C_BR
   28            | PUBLIC type ID • O_PAREN formal_list C_PAREN O_BR statement_list RETURN full_exp SEMI C_BR
   29            | PUBLIC type ID • O_PAREN C_PAREN O_BR statement_list RETURN full_exp SEMI C_BR
   30            | PUBLIC type ID • O_PAREN formal_list C_PAREN O_BR var_decl_list RETURN full_exp SEMI C_BR
   31            | PUBLIC type ID • O_PAREN C_PAREN O_BR var_decl_list RETURN full_exp SEMI C_BR
   32            | PUBLIC type ID • O_PAREN formal_list C_PAREN O_BR RETURN full_exp SEMI C_BR
   33            | PUBLIC type ID • O_PAREN C_PAREN O_BR RETURN full_exp SEMI C_BR

    O_PAREN  shift, and go to state 65


State 51

   23 type_bracket_list: O_SQ C_SQ •

    $default  reduce using rule 23 (type_bracket_list)


State 52

   18 var_decl: ID ID SEMI •

    $default  reduce using rule 18 (var_decl)


State 53

   22 type_bracket_list: type_bracket_list O_SQ • C_SQ

    C_SQ  shift, and go to state 66


State 54

   21 var_decl: ID type_bracket_list ID • SEMI

    SEMI  shift, and go to state 67


State 55

   16 var_decl: INT ID SEMI •

    $default  reduce using rule 16 (var_decl)


State 56

   19 var_decl: INT type_bracket_list ID • SEMI

    SEMI  shift, and go to state 68


State 57

   17 var_decl: BOOL ID SEMI •

    $default  reduce using rule 17 (var_decl)


State 58

   20 var_decl: BOOL type_bracket_list ID • SEMI

    SEMI  shift, and go to state 69


State 59

    6 class_decl: CLASS ID O_BR var_decl_list method_decl_list C_BR •

    $default  reduce using rule 6 (class_decl)


State 60

    3 main_class: CLASS ID O_BR PUBLIC STATIC VOID MAIN O_PAREN • STRING O_SQ C_SQ ID C_PAREN O_BR statement C_BR C_BR

    STRING  shift, and go to state 70


State 61

    9 class_decl: CLASS ID EXTENDS ID O_BR var_decl_list C_BR •

    $default  reduce using rule 9 (class_decl)


State 62

    7 class_decl: CLASS ID EXTENDS ID O_BR var_decl_list method_decl_list • C_BR
   24 method_decl_list: method_decl_list • method_decl

    PUBLIC  shift, and go to state 17
    C_BR    shift, and go to state 71

    method_decl  go to state 44


State 63

   11 class_decl: CLASS ID EXTENDS ID O_BR method_decl_list C_BR •

    $default  reduce using rule 11 (class_decl)


State 64

   40 type: type O_SQ C_SQ •

    $default  reduce using rule 40 (type)


State 65

   26 method_decl: PUBLIC type ID O_PAREN • formal_list C_PAREN O_BR var_decl_list statement_list RETURN full_exp SEMI C_BR
   27            | PUBLIC type ID O_PAREN • C_PAREN O_BR var_decl_list statement_list RETURN full_exp SEMI C_BR
   28            | PUBLIC type ID O_PAREN • formal_list C_PAREN O_BR statement_list RETURN full_exp SEMI C_BR
   29            | PUBLIC type ID O_PAREN • C_PAREN O_BR statement_list RETURN full_exp SEMI C_BR
   30            | PUBLIC type ID O_PAREN • formal_list C_PAREN O_BR var_decl_list RETURN full_exp SEMI C_BR
   31            | PUBLIC type ID O_PAREN • C_PAREN O_BR var_decl_list RETURN full_exp SEMI C_BR
   32            | PUBLIC type ID O_PAREN • formal_list C_PAREN O_BR RETURN full_exp SEMI C_BR
   33            | PUBLIC type ID O_PAREN • C_PAREN O_BR RETURN full_exp SEMI C_BR

    C_PAREN  shift, and go to state 72
    ID       shift, and go to state 28
    INT      shift, and go to state 29
    BOOL     shift, and go to state 30

    formal_list  go to state 73
    type         go to state 74
    prime_type   go to state 32


State 66

   22 type_bracket_list: type_bracket_list O_SQ C_SQ •

    $default  reduce using rule 22 (type_bracket_list)


State 67

   21 var_decl: ID type_bracket_list ID SEMI •

    $default  reduce using rule 21 (var_decl)


State 68

   19 var_decl: INT type_bracket_list ID SEMI •

    $default  reduce using rule 19 (var_decl)


State 69

   20 var_decl: BOOL type_bracket_list ID SEMI •

    $default  reduce using rule 20 (var_decl)


State 70

    3 main_class: CLASS ID O_BR PUBLIC STATIC VOID MAIN O_PAREN STRING • O_SQ C_SQ ID C_PAREN O_BR statement C_BR C_BR

    O_SQ  shift, and go to state 75


State 71

    7 class_decl: CLASS ID EXTENDS ID O_BR var_decl_list method_decl_list C_BR •

    $default  reduce using rule 7 (class_decl)


State 72

   27 method_decl: PUBLIC type ID O_PAREN C_PAREN • O_BR var_decl_list statement_list RETURN full_exp SEMI C_BR
   29            | PUBLIC type ID O_PAREN C_PAREN • O_BR statement_list RETURN full_exp SEMI C_BR
   31            | PUBLIC type ID O_PAREN C_PAREN • O_BR var_decl_list RETURN full_exp SEMI C_BR
   33            | PUBLIC type ID O_PAREN C_PAREN • O_BR RETURN full_exp SEMI C_BR

    O_BR  shift, and go to state 76


State 73

   26 method_decl: PUBLIC type ID O_PAREN formal_list • C_PAREN O_BR var_decl_list statement_list RETURN full_exp SEMI C_BR
   28            | PUBLIC type ID O_PAREN formal_list • C_PAREN O_BR statement_list RETURN full_exp SEMI C_BR
   30            | PUBLIC type ID O_PAREN formal_list • C_PAREN O_BR var_decl_list RETURN full_exp SEMI C_BR
   32            | PUBLIC type ID O_PAREN formal_list • C_PAREN O_BR RETURN full_exp SEMI C_BR

    C_PAREN  shift, and go to state 77


State 74

   34 formal_list: type • ID formal_rest_list
   35            | type • ID
   40 type: type • O_SQ C_SQ

    O_SQ  shift, and go to state 49
    ID    shift, and go to state 78


State 75

    3 main_class: CLASS ID O_BR PUBLIC STATIC VOID MAIN O_PAREN STRING O_SQ • C_SQ ID C_PAREN O_BR statement C_BR C_BR

    C_SQ  shift, and go to state 79


State 76

   27 method_decl: PUBLIC type ID O_PAREN C_PAREN O_BR • var_decl_list statement_list RETURN full_exp SEMI C_BR
   29            | PUBLIC type ID O_PAREN C_PAREN O_BR • statement_list RETURN full_exp SEMI C_BR
   31            | PUBLIC type ID O_PAREN C_PAREN O_BR • var_decl_list RETURN full_exp SEMI C_BR
   33            | PUBLIC type ID O_PAREN C_PAREN O_BR • RETURN full_exp SEMI C_BR

    RETURN          shift, and go to state 80
    PRINT_STATE     shift, and go to state 81
    PRINT_STATE_LN  shift, and go to state 82
    IF              shift, and go to state 83
    WHILE           shift, and go to state 84
    O_BR            shift, and go to state 85
    ID              shift, and go to state 86
    INT             shift, and go to state 20
    BOOL            shift, and go to state 21

    var_decl_list   go to state 87
    var_decl        go to state 23
    statement_list  go to state 88
    statement       go to state 89


State 77

   26 method_decl: PUBLIC type ID O_PAREN formal_list C_PAREN • O_BR var_decl_list statement_list RETURN full_exp SEMI C_BR
   28            | PUBLIC type ID O_PAREN formal_list C_PAREN • O_BR statement_list RETURN full_exp SEMI C_BR
   30            | PUBLIC type ID O_PAREN formal_list C_PAREN • O_BR var_decl_list RETURN full_exp SEMI C_BR
   32            | PUBLIC type ID O_PAREN formal_list C_PAREN • O_BR RETURN full_exp SEMI C_BR

    O_BR  shift, and go to state 90


State 78

   34 formal_list: type ID • formal_rest_list
   35            | type ID •

    COMMA  shift, and go to state 91

    $default  reduce using rule 35 (formal_list)

    formal_rest_list  go to state 92
    formal_rest       go to state 93


State 79

    3 main_class: CLASS ID O_BR PUBLIC STATIC VOID MAIN O_PAREN STRING O_SQ C_SQ • ID C_PAREN O_BR statement C_BR C_BR

    ID  shift, and go to state 94


State 80

   33 method_decl: PUBLIC type ID O_PAREN C_PAREN O_BR RETURN • full_exp SEMI C_BR
   56 statement: RETURN • full_exp SEMI

    THIS             shift, and go to state 95
    NEW              shift, and go to state 96
    NOT              shift, and go to state 97
    PLUS             shift, and go to state 98
    MINUS            shift, and go to state 99
    TRUE             shift, and go to state 100
    FALSE            shift, and go to state 101
    O_PAREN          shift, and go to state 102
    INTEGER_LITERAL  shift, and go to state 103
    ID               shift, and go to state 104

    full_exp    go to state 105
    or_term     go to state 106
    and_term    go to state 107
    eq_term     go to state 108
    gr_le_term  go to state 109
    add_term    go to state 110
    mul_term    go to state 111
    un_op       go to state 112
    exp         go to state 113
    object      go to state 114


State 81

   50 statement: PRINT_STATE • O_PAREN full_exp C_PAREN SEMI
   51          | PRINT_STATE • O_PAREN STRING_LITERAL C_PAREN SEMI

    O_PAREN  shift, and go to state 115


State 82

   52 statement: PRINT_STATE_LN • O_PAREN full_exp C_PAREN SEMI
   53          | PRINT_STATE_LN • O_PAREN STRING_LITERAL C_PAREN SEMI

    O_PAREN  shift, and go to state 116


State 83

   48 statement: IF • O_PAREN full_exp C_PAREN statement ELSE statement

    O_PAREN  shift, and go to state 117


State 84

   49 statement: WHILE • O_PAREN full_exp C_PAREN statement

    O_PAREN  shift, and go to state 118


State 85

   46 statement: O_BR • statement_list C_BR
   47          | O_BR • C_BR

    RETURN          shift, and go to state 119
    PRINT_STATE     shift, and go to state 81
    PRINT_STATE_LN  shift, and go to state 82
    IF              shift, and go to state 83
    WHILE           shift, and go to state 84
    O_BR            shift, and go to state 85
    C_BR            shift, and go to state 120
    ID              shift, and go to state 121

    statement_list  go to state 122
    statement       go to state 89


State 86

   18 var_decl: ID • ID SEMI
   21         | ID • type_bracket_list ID SEMI
   54 statement: ID • EQUAL full_exp SEMI
   55          | ID • index EQUAL full_exp SEMI

    EQUAL  shift, and go to state 123
    O_SQ   shift, and go to state 124
    ID     shift, and go to state 34

    type_bracket_list  go to state 35
    index              go to state 125


State 87

   14 var_decl_list: var_decl_list • var_decl
   27 method_decl: PUBLIC type ID O_PAREN C_PAREN O_BR var_decl_list • statement_list RETURN full_exp SEMI C_BR
   31            | PUBLIC type ID O_PAREN C_PAREN O_BR var_decl_list • RETURN full_exp SEMI C_BR

    RETURN          shift, and go to state 126
    PRINT_STATE     shift, and go to state 81
    PRINT_STATE_LN  shift, and go to state 82
    IF              shift, and go to state 83
    WHILE           shift, and go to state 84
    O_BR            shift, and go to state 85
    ID              shift, and go to state 86
    INT             shift, and go to state 20
    BOOL            shift, and go to state 21

    var_decl        go to state 41
    statement_list  go to state 127
    statement       go to state 89


State 88

   29 method_decl: PUBLIC type ID O_PAREN C_PAREN O_BR statement_list • RETURN full_exp SEMI C_BR
   44 statement_list: statement_list • statement

    RETURN          shift, and go to state 128
    PRINT_STATE     shift, and go to state 81
    PRINT_STATE_LN  shift, and go to state 82
    IF              shift, and go to state 83
    WHILE           shift, and go to state 84
    O_BR            shift, and go to state 85
    ID              shift, and go to state 121

    statement  go to state 129


State 89

   45 statement_list: statement •

    $default  reduce using rule 45 (statement_list)


State 90

   26 method_decl: PUBLIC type ID O_PAREN formal_list C_PAREN O_BR • var_decl_list statement_list RETURN full_exp SEMI C_BR
   28            | PUBLIC type ID O_PAREN formal_list C_PAREN O_BR • statement_list RETURN full_exp SEMI C_BR
   30            | PUBLIC type ID O_PAREN formal_list C_PAREN O_BR • var_decl_list RETURN full_exp SEMI C_BR
   32            | PUBLIC type ID O_PAREN formal_list C_PAREN O_BR • RETURN full_exp SEMI C_BR

    RETURN          shift, and go to state 130
    PRINT_STATE     shift, and go to state 81
    PRINT_STATE_LN  shift, and go to state 82
    IF              shift, and go to state 83
    WHILE           shift, and go to state 84
    O_BR            shift, and go to state 85
    ID              shift, and go to state 86
    INT             shift, and go to state 20
    BOOL            shift, and go to state 21

    var_decl_list   go to state 131
    var_decl        go to state 23
    statement_list  go to state 132
    statement       go to state 89


State 91

   38 formal_rest: COMMA • type ID

    ID    shift, and go to state 28
    INT   shift, and go to state 29
    BOOL  shift, and go to state 30

    type        go to state 133
    prime_type  go to state 32


State 92

   34 formal_list: type ID formal_rest_list •
   36 formal_rest_list: formal_rest_list • formal_rest

    COMMA  shift, and go to state 91

    $default  reduce using rule 34 (formal_list)

    formal_rest  go to state 134


State 93

   37 formal_rest_list: formal_rest •

    $default  reduce using rule 37 (formal_rest_list)


State 94

    3 main_class: CLASS ID O_BR PUBLIC STATIC VOID MAIN O_PAREN STRING O_SQ C_SQ ID • C_PAREN O_BR statement C_BR C_BR

    C_PAREN  shift, and go to state 135


State 95

   95 object: THIS •

    $default  reduce using rule 95 (object)


State 96

   96 object: NEW • ID O_PAREN C_PAREN
   97       | NEW • prime_type index

    ID    shift, and go to state 136
    INT   shift, and go to state 29
    BOOL  shift, and go to state 30

    prime_type  go to state 137


State 97

   79 un_op: NOT • un_op

    THIS             shift, and go to state 95
    NEW              shift, and go to state 96
    NOT              shift, and go to state 97
    PLUS             shift, and go to state 98
    MINUS            shift, and go to state 99
    TRUE             shift, and go to state 100
    FALSE            shift, and go to state 101
    O_PAREN          shift, and go to state 102
    INTEGER_LITERAL  shift, and go to state 103
    ID               shift, and go to state 104

    un_op   go to state 138
    exp     go to state 113
    object  go to state 114


State 98

   80 un_op: PLUS • un_op

    THIS             shift, and go to state 95
    NEW              shift, and go to state 96
    NOT              shift, and go to state 97
    PLUS             shift, and go to state 98
    MINUS            shift, and go to state 99
    TRUE             shift, and go to state 100
    FALSE            shift, and go to state 101
    O_PAREN          shift, and go to state 102
    INTEGER_LITERAL  shift, and go to state 103
    ID               shift, and go to state 104

    un_op   go to state 139
    exp     go to state 113
    object  go to state 114


State 99

   81 un_op: MINUS • un_op

    THIS             shift, and go to state 95
    NEW              shift, and go to state 96
    NOT              shift, and go to state 97
    PLUS             shift, and go to state 98
    MINUS            shift, and go to state 99
    TRUE             shift, and go to state 100
    FALSE            shift, and go to state 101
    O_PAREN          shift, and go to state 102
    INTEGER_LITERAL  shift, and go to state 103
    ID               shift, and go to state 104

    un_op   go to state 140
    exp     go to state 113
    object  go to state 114


State 100

   87 exp: TRUE •

    $default  reduce using rule 87 (exp)


State 101

   88 exp: FALSE •

    $default  reduce using rule 88 (exp)


State 102

   94 exp: O_PAREN • full_exp C_PAREN

    THIS             shift, and go to state 95
    NEW              shift, and go to state 96
    NOT              shift, and go to state 97
    PLUS             shift, and go to state 98
    MINUS            shift, and go to state 99
    TRUE             shift, and go to state 100
    FALSE            shift, and go to state 101
    O_PAREN          shift, and go to state 102
    INTEGER_LITERAL  shift, and go to state 103
    ID               shift, and go to state 104

    full_exp    go to state 141
    or_term     go to state 106
    and_term    go to state 107
    eq_term     go to state 108
    gr_le_term  go to state 109
    add_term    go to state 110
    mul_term    go to state 111
    un_op       go to state 112
    exp         go to state 113
    object      go to state 114


State 103

   86 exp: INTEGER_LITERAL •

    $default  reduce using rule 86 (exp)


State 104

   82 exp: ID •
   83    | ID • index
   84    | ID • DOT LENGTH
   85    | ID • index DOT LENGTH
   90    | ID • DOT ID O_PAREN exp_list C_PAREN
   92    | ID • DOT ID O_PAREN C_PAREN

    DOT   shift, and go to state 142
    O_SQ  shift, and go to state 143

    $default  reduce using rule 82 (exp)

    index  go to state 144


State 105

   33 method_decl: PUBLIC type ID O_PAREN C_PAREN O_BR RETURN full_exp • SEMI C_BR
   56 statement: RETURN full_exp • SEMI

    SEMI  shift, and go to state 145


State 106

   59 full_exp: or_term •
   61 or_term: or_term • OR and_term

    OR  shift, and go to state 146

    $default  reduce using rule 59 (full_exp)


State 107

   60 or_term: and_term •
   63 and_term: and_term • AND eq_term

    AND  shift, and go to state 147

    $default  reduce using rule 60 (or_term)


State 108

   62 and_term: eq_term •
   65 eq_term: eq_term • EQEQ gr_le_term
   66        | eq_term • N_EQ gr_le_term

    EQEQ  shift, and go to state 148
    N_EQ  shift, and go to state 149

    $default  reduce using rule 62 (and_term)


State 109

   64 eq_term: gr_le_term •
   68 gr_le_term: gr_le_term • LESS add_term
   69           | gr_le_term • GREAT add_term
   70           | gr_le_term • L_EQ add_term
   71           | gr_le_term • G_EQ add_term

    G_EQ   shift, and go to state 150
    L_EQ   shift, and go to state 151
    GREAT  shift, and go to state 152
    LESS   shift, and go to state 153

    $default  reduce using rule 64 (eq_term)


State 110

   67 gr_le_term: add_term •
   73 add_term: add_term • PLUS mul_term
   74         | add_term • MINUS mul_term

    PLUS   shift, and go to state 154
    MINUS  shift, and go to state 155

    $default  reduce using rule 67 (gr_le_term)


State 111

   72 add_term: mul_term •
   76 mul_term: mul_term • DIV un_op
   77         | mul_term • MUL un_op

    MUL  shift, and go to state 156
    DIV  shift, and go to state 157

    $default  reduce using rule 72 (add_term)


State 112

   75 mul_term: un_op •

    $default  reduce using rule 75 (mul_term)


State 113

   78 un_op: exp •

    $default  reduce using rule 78 (un_op)


State 114

   89 exp: object •
   91    | object • DOT ID O_PAREN exp_list C_PAREN
   93    | object • DOT ID O_PAREN C_PAREN

    DOT  shift, and go to state 158

    $default  reduce using rule 89 (exp)


State 115

   50 statement: PRINT_STATE O_PAREN • full_exp C_PAREN SEMI
   51          | PRINT_STATE O_PAREN • STRING_LITERAL C_PAREN SEMI

    THIS             shift, and go to state 95
    NEW              shift, and go to state 96
    NOT              shift, and go to state 97
    PLUS             shift, and go to state 98
    MINUS            shift, and go to state 99
    TRUE             shift, and go to state 100
    FALSE            shift, and go to state 101
    O_PAREN          shift, and go to state 102
    STRING_LITERAL   shift, and go to state 159
    INTEGER_LITERAL  shift, and go to state 103
    ID               shift, and go to state 104

    full_exp    go to state 160
    or_term     go to state 106
    and_term    go to state 107
    eq_term     go to state 108
    gr_le_term  go to state 109
    add_term    go to state 110
    mul_term    go to state 111
    un_op       go to state 112
    exp         go to state 113
    object      go to state 114


State 116

   52 statement: PRINT_STATE_LN O_PAREN • full_exp C_PAREN SEMI
   53          | PRINT_STATE_LN O_PAREN • STRING_LITERAL C_PAREN SEMI

    THIS             shift, and go to state 95
    NEW              shift, and go to state 96
    NOT              shift, and go to state 97
    PLUS             shift, and go to state 98
    MINUS            shift, and go to state 99
    TRUE             shift, and go to state 100
    FALSE            shift, and go to state 101
    O_PAREN          shift, and go to state 102
    STRING_LITERAL   shift, and go to state 161
    INTEGER_LITERAL  shift, and go to state 103
    ID               shift, and go to state 104

    full_exp    go to state 162
    or_term     go to state 106
    and_term    go to state 107
    eq_term     go to state 108
    gr_le_term  go to state 109
    add_term    go to state 110
    mul_term    go to state 111
    un_op       go to state 112
    exp         go to state 113
    object      go to state 114


State 117

   48 statement: IF O_PAREN • full_exp C_PAREN statement ELSE statement

    THIS             shift, and go to state 95
    NEW              shift, and go to state 96
    NOT              shift, and go to state 97
    PLUS             shift, and go to state 98
    MINUS            shift, and go to state 99
    TRUE             shift, and go to state 100
    FALSE            shift, and go to state 101
    O_PAREN          shift, and go to state 102
    INTEGER_LITERAL  shift, and go to state 103
    ID               shift, and go to state 104

    full_exp    go to state 163
    or_term     go to state 106
    and_term    go to state 107
    eq_term     go to state 108
    gr_le_term  go to state 109
    add_term    go to state 110
    mul_term    go to state 111
    un_op       go to state 112
    exp         go to state 113
    object      go to state 114


State 118

   49 statement: WHILE O_PAREN • full_exp C_PAREN statement

    THIS             shift, and go to state 95
    NEW              shift, and go to state 96
    NOT              shift, and go to state 97
    PLUS             shift, and go to state 98
    MINUS            shift, and go to state 99
    TRUE             shift, and go to state 100
    FALSE            shift, and go to state 101
    O_PAREN          shift, and go to state 102
    INTEGER_LITERAL  shift, and go to state 103
    ID               shift, and go to state 104

    full_exp    go to state 164
    or_term     go to state 106
    and_term    go to state 107
    eq_term     go to state 108
    gr_le_term  go to state 109
    add_term    go to state 110
    mul_term    go to state 111
    un_op       go to state 112
    exp         go to state 113
    object      go to state 114


State 119

   56 statement: RETURN • full_exp SEMI

    THIS             shift, and go to state 95
    NEW              shift, and go to state 96
    NOT              shift, and go to state 97
    PLUS             shift, and go to state 98
    MINUS            shift, and go to state 99
    TRUE             shift, and go to state 100
    FALSE            shift, and go to state 101
    O_PAREN          shift, and go to state 102
    INTEGER_LITERAL  shift, and go to state 103
    ID               shift, and go to state 104

    full_exp    go to state 165
    or_term     go to state 106
    and_term    go to state 107
    eq_term     go to state 108
    gr_le_term  go to state 109
    add_term    go to state 110
    mul_term    go to state 111
    un_op       go to state 112
    exp         go to state 113
    object      go to state 114


State 120

   47 statement: O_BR C_BR •

    $default  reduce using rule 47 (statement)


State 121

   54 statement: ID • EQUAL full_exp SEMI
   55          | ID • index EQUAL full_exp SEMI

    EQUAL  shift, and go to state 123
    O_SQ   shift, and go to state 143

    index  go to state 125


State 122

   44 statement_list: statement_list • statement
   46 statement: O_BR statement_list • C_BR

    RETURN          shift, and go to state 119
    PRINT_STATE     shift, and go to state 81
    PRINT_STATE_LN  shift, and go to state 82
    IF              shift, and go to state 83
    WHILE           shift, and go to state 84
    O_BR            shift, and go to state 85
    C_BR            shift, and go to state 166
    ID              shift, and go to state 121

    statement  go to state 129


State 123

   54 statement: ID EQUAL • full_exp SEMI

    THIS             shift, and go to state 95
    NEW              shift, and go to state 96
    NOT              shift, and go to state 97
    PLUS             shift, and go to state 98
    MINUS            shift, and go to state 99
    TRUE             shift, and go to state 100
    FALSE            shift, and go to state 101
    O_PAREN          shift, and go to state 102
    INTEGER_LITERAL  shift, and go to state 103
    ID               shift, and go to state 104

    full_exp    go to state 167
    or_term     go to state 106
    and_term    go to state 107
    eq_term     go to state 108
    gr_le_term  go to state 109
    add_term    go to state 110
    mul_term    go to state 111
    un_op       go to state 112
    exp         go to state 113
    object      go to state 114


State 124

   23 type_bracket_list: O_SQ • C_SQ
   57 index: O_SQ • full_exp C_SQ

    THIS             shift, and go to state 95
    NEW              shift, and go to state 96
    NOT              shift, and go to state 97
    PLUS             shift, and go to state 98
    MINUS            shift, and go to state 99
    TRUE             shift, and go to state 100
    FALSE            shift, and go to state 101
    O_PAREN          shift, and go to state 102
    C_SQ             shift, and go to state 51
    INTEGER_LITERAL  shift, and go to state 103
    ID               shift, and go to state 104

    full_exp    go to state 168
    or_term     go to state 106
    and_term    go to state 107
    eq_term     go to state 108
    gr_le_term  go to state 109
    add_term    go to state 110
    mul_term    go to state 111
    un_op       go to state 112
    exp         go to state 113
    object      go to state 114


State 125

   55 statement: ID index • EQUAL full_exp SEMI
   58 index: index • O_SQ full_exp C_SQ

    EQUAL  shift, and go to state 169
    O_SQ   shift, and go to state 170


State 126

   31 method_decl: PUBLIC type ID O_PAREN C_PAREN O_BR var_decl_list RETURN • full_exp SEMI C_BR
   56 statement: RETURN • full_exp SEMI

    THIS             shift, and go to state 95
    NEW              shift, and go to state 96
    NOT              shift, and go to state 97
    PLUS             shift, and go to state 98
    MINUS            shift, and go to state 99
    TRUE             shift, and go to state 100
    FALSE            shift, and go to state 101
    O_PAREN          shift, and go to state 102
    INTEGER_LITERAL  shift, and go to state 103
    ID               shift, and go to state 104

    full_exp    go to state 171
    or_term     go to state 106
    and_term    go to state 107
    eq_term     go to state 108
    gr_le_term  go to state 109
    add_term    go to state 110
    mul_term    go to state 111
    un_op       go to state 112
    exp         go to state 113
    object      go to state 114


State 127

   27 method_decl: PUBLIC type ID O_PAREN C_PAREN O_BR var_decl_list statement_list • RETURN full_exp SEMI C_BR
   44 statement_list: statement_list • statement

    RETURN          shift, and go to state 172
    PRINT_STATE     shift, and go to state 81
    PRINT_STATE_LN  shift, and go to state 82
    IF              shift, and go to state 83
    WHILE           shift, and go to state 84
    O_BR            shift, and go to state 85
    ID              shift, and go to state 121

    statement  go to state 129


State 128

   29 method_decl: PUBLIC type ID O_PAREN C_PAREN O_BR statement_list RETURN • full_exp SEMI C_BR
   56 statement: RETURN • full_exp SEMI

    THIS             shift, and go to state 95
    NEW              shift, and go to state 96
    NOT              shift, and go to state 97
    PLUS             shift, and go to state 98
    MINUS            shift, and go to state 99
    TRUE             shift, and go to state 100
    FALSE            shift, and go to state 101
    O_PAREN          shift, and go to state 102
    INTEGER_LITERAL  shift, and go to state 103
    ID               shift, and go to state 104

    full_exp    go to state 173
    or_term     go to state 106
    and_term    go to state 107
    eq_term     go to state 108
    gr_le_term  go to state 109
    add_term    go to state 110
    mul_term    go to state 111
    un_op       go to state 112
    exp         go to state 113
    object      go to state 114


State 129

   44 statement_list: statement_list statement •

    $default  reduce using rule 44 (statement_list)


State 130

   32 method_decl: PUBLIC type ID O_PAREN formal_list C_PAREN O_BR RETURN • full_exp SEMI C_BR
   56 statement: RETURN • full_exp SEMI

    THIS             shift, and go to state 95
    NEW              shift, and go to state 96
    NOT              shift, and go to state 97
    PLUS             shift, and go to state 98
    MINUS            shift, and go to state 99
    TRUE             shift, and go to state 100
    FALSE            shift, and go to state 101
    O_PAREN          shift, and go to state 102
    INTEGER_LITERAL  shift, and go to state 103
    ID               shift, and go to state 104

    full_exp    go to state 174
    or_term     go to state 106
    and_term    go to state 107
    eq_term     go to state 108
    gr_le_term  go to state 109
    add_term    go to state 110
    mul_term    go to state 111
    un_op       go to state 112
    exp         go to state 113
    object      go to state 114


State 131

   14 var_decl_list: var_decl_list • var_decl
   26 method_decl: PUBLIC type ID O_PAREN formal_list C_PAREN O_BR var_decl_list • statement_list RETURN full_exp SEMI C_BR
   30            | PUBLIC type ID O_PAREN formal_list C_PAREN O_BR var_decl_list • RETURN full_exp SEMI C_BR

    RETURN          shift, and go to state 175
    PRINT_STATE     shift, and go to state 81
    PRINT_STATE_LN  shift, and go to state 82
    IF              shift, and go to state 83
    WHILE           shift, and go to state 84
    O_BR            shift, and go to state 85
    ID              shift, and go to state 86
    INT             shift, and go to state 20
    BOOL            shift, and go to state 21

    var_decl        go to state 41
    statement_list  go to state 176
    statement       go to state 89


State 132

   28 method_decl: PUBLIC type ID O_PAREN formal_list C_PAREN O_BR statement_list • RETURN full_exp SEMI C_BR
   44 statement_list: statement_list • statement

    RETURN          shift, and go to state 177
    PRINT_STATE     shift, and go to state 81
    PRINT_STATE_LN  shift, and go to state 82
    IF              shift, and go to state 83
    WHILE           shift, and go to state 84
    O_BR            shift, and go to state 85
    ID              shift, and go to state 121

    statement  go to state 129


State 133

   38 formal_rest: COMMA type • ID
   40 type: type • O_SQ C_SQ

    O_SQ  shift, and go to state 49
    ID    shift, and go to state 178


State 134

   36 formal_rest_list: formal_rest_list formal_rest •

    $default  reduce using rule 36 (formal_rest_list)


State 135

    3 main_class: CLASS ID O_BR PUBLIC STATIC VOID MAIN O_PAREN STRING O_SQ C_SQ ID C_PAREN • O_BR statement C_BR C_BR

    O_BR  shift, and go to state 179


State 136

   43 prime_type: ID •
   96 object: NEW ID • O_PAREN C_PAREN

    O_PAREN  shift, and go to state 180

    $default  reduce using rule 43 (prime_type)


State 137

   97 object: NEW prime_type • index

    O_SQ  shift, and go to state 143

    index  go to state 181


State 138

   79 un_op: NOT un_op •

    $default  reduce using rule 79 (un_op)


State 139

   80 un_op: PLUS un_op •

    $default  reduce using rule 80 (un_op)


State 140

   81 un_op: MINUS un_op •

    $default  reduce using rule 81 (un_op)


State 141

   94 exp: O_PAREN full_exp • C_PAREN

    C_PAREN  shift, and go to state 182


State 142

   84 exp: ID DOT • LENGTH
   90    | ID DOT • ID O_PAREN exp_list C_PAREN
   92    | ID DOT • ID O_PAREN C_PAREN

    LENGTH  shift, and go to state 183
    ID      shift, and go to state 184


State 143

   57 index: O_SQ • full_exp C_SQ

    THIS             shift, and go to state 95
    NEW              shift, and go to state 96
    NOT              shift, and go to state 97
    PLUS             shift, and go to state 98
    MINUS            shift, and go to state 99
    TRUE             shift, and go to state 100
    FALSE            shift, and go to state 101
    O_PAREN          shift, and go to state 102
    INTEGER_LITERAL  shift, and go to state 103
    ID               shift, and go to state 104

    full_exp    go to state 168
    or_term     go to state 106
    and_term    go to state 107
    eq_term     go to state 108
    gr_le_term  go to state 109
    add_term    go to state 110
    mul_term    go to state 111
    un_op       go to state 112
    exp         go to state 113
    object      go to state 114


State 144

   58 index: index • O_SQ full_exp C_SQ
   83 exp: ID index •
   85    | ID index • DOT LENGTH

    DOT   shift, and go to state 185
    O_SQ  shift, and go to state 170

    $default  reduce using rule 83 (exp)


State 145

   33 method_decl: PUBLIC type ID O_PAREN C_PAREN O_BR RETURN full_exp SEMI • C_BR
   56 statement: RETURN full_exp SEMI •

    C_BR  shift, and go to state 186

    $default  reduce using rule 56 (statement)


State 146

   61 or_term: or_term OR • and_term

    THIS             shift, and go to state 95
    NEW              shift, and go to state 96
    NOT              shift, and go to state 97
    PLUS             shift, and go to state 98
    MINUS            shift, and go to state 99
    TRUE             shift, and go to state 100
    FALSE            shift, and go to state 101
    O_PAREN          shift, and go to state 102
    INTEGER_LITERAL  shift, and go to state 103
    ID               shift, and go to state 104

    and_term    go to state 187
    eq_term     go to state 108
    gr_le_term  go to state 109
    add_term    go to state 110
    mul_term    go to state 111
    un_op       go to state 112
    exp         go to state 113
    object      go to state 114


State 147

   63 and_term: and_term AND • eq_term

    THIS             shift, and go to state 95
    NEW              shift, and go to state 96
    NOT              shift, and go to state 97
    PLUS             shift, and go to state 98
    MINUS            shift, and go to state 99
    TRUE             shift, and go to state 100
    FALSE            shift, and go to state 101
    O_PAREN          shift, and go to state 102
    INTEGER_LITERAL  shift, and go to state 103
    ID               shift, and go to state 104

    eq_term     go to state 188
    gr_le_term  go to state 109
    add_term    go to state 110
    mul_term    go to state 111
    un_op       go to state 112
    exp         go to state 113
    object      go to state 114


State 148

   65 eq_term: eq_term EQEQ • gr_le_term

    THIS             shift, and go to state 95
    NEW              shift, and go to state 96
    NOT              shift, and go to state 97
    PLUS             shift, and go to state 98
    MINUS            shift, and go to state 99
    TRUE             shift, and go to state 100
    FALSE            shift, and go to state 101
    O_PAREN          shift, and go to state 102
    INTEGER_LITERAL  shift, and go to state 103
    ID               shift, and go to state 104

    gr_le_term  go to state 189
    add_term    go to state 110
    mul_term    go to state 111
    un_op       go to state 112
    exp         go to state 113
    object      go to state 114


State 149

   66 eq_term: eq_term N_EQ • gr_le_term

    THIS             shift, and go to state 95
    NEW              shift, and go to state 96
    NOT              shift, and go to state 97
    PLUS             shift, and go to state 98
    MINUS            shift, and go to state 99
    TRUE             shift, and go to state 100
    FALSE            shift, and go to state 101
    O_PAREN          shift, and go to state 102
    INTEGER_LITERAL  shift, and go to state 103
    ID               shift, and go to state 104

    gr_le_term  go to state 190
    add_term    go to state 110
    mul_term    go to state 111
    un_op       go to state 112
    exp         go to state 113
    object      go to state 114


State 150

   71 gr_le_term: gr_le_term G_EQ • add_term

    THIS             shift, and go to state 95
    NEW              shift, and go to state 96
    NOT              shift, and go to state 97
    PLUS             shift, and go to state 98
    MINUS            shift, and go to state 99
    TRUE             shift, and go to state 100
    FALSE            shift, and go to state 101
    O_PAREN          shift, and go to state 102
    INTEGER_LITERAL  shift, and go to state 103
    ID               shift, and go to state 104

    add_term  go to state 191
    mul_term  go to state 111
    un_op     go to state 112
    exp       go to state 113
    object    go to state 114


State 151

   70 gr_le_term: gr_le_term L_EQ • add_term

    THIS             shift, and go to state 95
    NEW              shift, and go to state 96
    NOT              shift, and go to state 97
    PLUS             shift, and go to state 98
    MINUS            shift, and go to state 99
    TRUE             shift, and go to state 100
    FALSE            shift, and go to state 101
    O_PAREN          shift, and go to state 102
    INTEGER_LITERAL  shift, and go to state 103
    ID               shift, and go to state 104

    add_term  go to state 192
    mul_term  go to state 111
    un_op     go to state 112
    exp       go to state 113
    object    go to state 114


State 152

   69 gr_le_term: gr_le_term GREAT • add_term

    THIS             shift, and go to state 95
    NEW              shift, and go to state 96
    NOT              shift, and go to state 97
    PLUS             shift, and go to state 98
    MINUS            shift, and go to state 99
    TRUE             shift, and go to state 100
    FALSE            shift, and go to state 101
    O_PAREN          shift, and go to state 102
    INTEGER_LITERAL  shift, and go to state 103
    ID               shift, and go to state 104

    add_term  go to state 193
    mul_term  go to state 111
    un_op     go to state 112
    exp       go to state 113
    object    go to state 114


State 153

   68 gr_le_term: gr_le_term LESS • add_term

    THIS             shift, and go to state 95
    NEW              shift, and go to state 96
    NOT              shift, and go to state 97
    PLUS             shift, and go to state 98
    MINUS            shift, and go to state 99
    TRUE             shift, and go to state 100
    FALSE            shift, and go to state 101
    O_PAREN          shift, and go to state 102
    INTEGER_LITERAL  shift, and go to state 103
    ID               shift, and go to state 104

    add_term  go to state 194
    mul_term  go to state 111
    un_op     go to state 112
    exp       go to state 113
    object    go to state 114


State 154

   73 add_term: add_term PLUS • mul_term

    THIS             shift, and go to state 95
    NEW              shift, and go to state 96
    NOT              shift, and go to state 97
    PLUS             shift, and go to state 98
    MINUS            shift, and go to state 99
    TRUE             shift, and go to state 100
    FALSE            shift, and go to state 101
    O_PAREN          shift, and go to state 102
    INTEGER_LITERAL  shift, and go to state 103
    ID               shift, and go to state 104

    mul_term  go to state 195
    un_op     go to state 112
    exp       go to state 113
    object    go to state 114


State 155

   74 add_term: add_term MINUS • mul_term

    THIS             shift, and go to state 95
    NEW              shift, and go to state 96
    NOT              shift, and go to state 97
    PLUS             shift, and go to state 98
    MINUS            shift, and go to state 99
    TRUE             shift, and go to state 100
    FALSE            shift, and go to state 101
    O_PAREN          shift, and go to state 102
    INTEGER_LITERAL  shift, and go to state 103
    ID               shift, and go to state 104

    mul_term  go to state 196
    un_op     go to state 112
    exp       go to state 113
    object    go to state 114


State 156

   77 mul_term: mul_term MUL • un_op

    THIS             shift, and go to state 95
    NEW              shift, and go to state 96
    NOT              shift, and go to state 97
    PLUS             shift, and go to state 98
    MINUS            shift, and go to state 99
    TRUE             shift, and go to state 100
    FALSE            shift, and go to state 101
    O_PAREN          shift, and go to state 102
    INTEGER_LITERAL  shift, and go to state 103
    ID               shift, and go to state 104

    un_op   go to state 197
    exp     go to state 113
    object  go to state 114


State 157

   76 mul_term: mul_term DIV • un_op

    THIS             shift, and go to state 95
    NEW              shift, and go to state 96
    NOT              shift, and go to state 97
    PLUS             shift, and go to state 98
    MINUS            shift, and go to state 99
    TRUE             shift, and go to state 100
    FALSE            shift, and go to state 101
    O_PAREN          shift, and go to state 102
    INTEGER_LITERAL  shift, and go to state 103
    ID               shift, and go to state 104

    un_op   go to state 198
    exp     go to state 113
    object  go to state 114


State 158

   91 exp: object DOT • ID O_PAREN exp_list C_PAREN
   93    | object DOT • ID O_PAREN C_PAREN

    ID  shift, and go to state 199


State 159

   51 statement: PRINT_STATE O_PAREN STRING_LITERAL • C_PAREN SEMI

    C_PAREN  shift, and go to state 200


State 160

   50 statement: PRINT_STATE O_PAREN full_exp • C_PAREN SEMI

    C_PAREN  shift, and go to state 201


State 161

   53 statement: PRINT_STATE_LN O_PAREN STRING_LITERAL • C_PAREN SEMI

    C_PAREN  shift, and go to state 202


State 162

   52 statement: PRINT_STATE_LN O_PAREN full_exp • C_PAREN SEMI

    C_PAREN  shift, and go to state 203


State 163

   48 statement: IF O_PAREN full_exp • C_PAREN statement ELSE statement

    C_PAREN  shift, and go to state 204


State 164

   49 statement: WHILE O_PAREN full_exp • C_PAREN statement

    C_PAREN  shift, and go to state 205


State 165

   56 statement: RETURN full_exp • SEMI

    SEMI  shift, and go to state 206


State 166

   46 statement: O_BR statement_list C_BR •

    $default  reduce using rule 46 (statement)


State 167

   54 statement: ID EQUAL full_exp • SEMI

    SEMI  shift, and go to state 207


State 168

   57 index: O_SQ full_exp • C_SQ

    C_SQ  shift, and go to state 208


State 169

   55 statement: ID index EQUAL • full_exp SEMI

    THIS             shift, and go to state 95
    NEW              shift, and go to state 96
    NOT              shift, and go to state 97
    PLUS             shift, and go to state 98
    MINUS            shift, and go to state 99
    TRUE             shift, and go to state 100
    FALSE            shift, and go to state 101
    O_PAREN          shift, and go to state 102
    INTEGER_LITERAL  shift, and go to state 103
    ID               shift, and go to state 104

    full_exp    go to state 209
    or_term     go to state 106
    and_term    go to state 107
    eq_term     go to state 108
    gr_le_term  go to state 109
    add_term    go to state 110
    mul_term    go to state 111
    un_op       go to state 112
    exp         go to state 113
    object      go to state 114


State 170

   58 index: index O_SQ • full_exp C_SQ

    THIS             shift, and go to state 95
    NEW              shift, and go to state 96
    NOT              shift, and go to state 97
    PLUS             shift, and go to state 98
    MINUS            shift, and go to state 99
    TRUE             shift, and go to state 100
    FALSE            shift, and go to state 101
    O_PAREN          shift, and go to state 102
    INTEGER_LITERAL  shift, and go to state 103
    ID               shift, and go to state 104

    full_exp    go to state 210
    or_term     go to state 106
    and_term    go to state 107
    eq_term     go to state 108
    gr_le_term  go to state 109
    add_term    go to state 110
    mul_term    go to state 111
    un_op       go to state 112
    exp         go to state 113
    object      go to state 114


State 171

   31 method_decl: PUBLIC type ID O_PAREN C_PAREN O_BR var_decl_list RETURN full_exp • SEMI C_BR
   56 statement: RETURN full_exp • SEMI

    SEMI  shift, and go to state 211


State 172

   27 method_decl: PUBLIC type ID O_PAREN C_PAREN O_BR var_decl_list statement_list RETURN • full_exp SEMI C_BR
   56 statement: RETURN • full_exp SEMI

    THIS             shift, and go to state 95
    NEW              shift, and go to state 96
    NOT              shift, and go to state 97
    PLUS             shift, and go to state 98
    MINUS            shift, and go to state 99
    TRUE             shift, and go to state 100
    FALSE            shift, and go to state 101
    O_PAREN          shift, and go to state 102
    INTEGER_LITERAL  shift, and go to state 103
    ID               shift, and go to state 104

    full_exp    go to state 212
    or_term     go to state 106
    and_term    go to state 107
    eq_term     go to state 108
    gr_le_term  go to state 109
    add_term    go to state 110
    mul_term    go to state 111
    un_op       go to state 112
    exp         go to state 113
    object      go to state 114


State 173

   29 method_decl: PUBLIC type ID O_PAREN C_PAREN O_BR statement_list RETURN full_exp • SEMI C_BR
   56 statement: RETURN full_exp • SEMI

    SEMI  shift, and go to state 213


State 174

   32 method_decl: PUBLIC type ID O_PAREN formal_list C_PAREN O_BR RETURN full_exp • SEMI C_BR
   56 statement: RETURN full_exp • SEMI

    SEMI  shift, and go to state 214


State 175

   30 method_decl: PUBLIC type ID O_PAREN formal_list C_PAREN O_BR var_decl_list RETURN • full_exp SEMI C_BR
   56 statement: RETURN • full_exp SEMI

    THIS             shift, and go to state 95
    NEW              shift, and go to state 96
    NOT              shift, and go to state 97
    PLUS             shift, and go to state 98
    MINUS            shift, and go to state 99
    TRUE             shift, and go to state 100
    FALSE            shift, and go to state 101
    O_PAREN          shift, and go to state 102
    INTEGER_LITERAL  shift, and go to state 103
    ID               shift, and go to state 104

    full_exp    go to state 215
    or_term     go to state 106
    and_term    go to state 107
    eq_term     go to state 108
    gr_le_term  go to state 109
    add_term    go to state 110
    mul_term    go to state 111
    un_op       go to state 112
    exp         go to state 113
    object      go to state 114


State 176

   26 method_decl: PUBLIC type ID O_PAREN formal_list C_PAREN O_BR var_decl_list statement_list • RETURN full_exp SEMI C_BR
   44 statement_list: statement_list • statement

    RETURN          shift, and go to state 216
    PRINT_STATE     shift, and go to state 81
    PRINT_STATE_LN  shift, and go to state 82
    IF              shift, and go to state 83
    WHILE           shift, and go to state 84
    O_BR            shift, and go to state 85
    ID              shift, and go to state 121

    statement  go to state 129


State 177

   28 method_decl: PUBLIC type ID O_PAREN formal_list C_PAREN O_BR statement_list RETURN • full_exp SEMI C_BR
   56 statement: RETURN • full_exp SEMI

    THIS             shift, and go to state 95
    NEW              shift, and go to state 96
    NOT              shift, and go to state 97
    PLUS             shift, and go to state 98
    MINUS            shift, and go to state 99
    TRUE             shift, and go to state 100
    FALSE            shift, and go to state 101
    O_PAREN          shift, and go to state 102
    INTEGER_LITERAL  shift, and go to state 103
    ID               shift, and go to state 104

    full_exp    go to state 217
    or_term     go to state 106
    and_term    go to state 107
    eq_term     go to state 108
    gr_le_term  go to state 109
    add_term    go to state 110
    mul_term    go to state 111
    un_op       go to state 112
    exp         go to state 113
    object      go to state 114


State 178

   38 formal_rest: COMMA type ID •

    $default  reduce using rule 38 (formal_rest)


State 179

    3 main_class: CLASS ID O_BR PUBLIC STATIC VOID MAIN O_PAREN STRING O_SQ C_SQ ID C_PAREN O_BR • statement C_BR C_BR

    RETURN          shift, and go to state 119
    PRINT_STATE     shift, and go to state 81
    PRINT_STATE_LN  shift, and go to state 82
    IF              shift, and go to state 83
    WHILE           shift, and go to state 84
    O_BR            shift, and go to state 85
    ID              shift, and go to state 121

    statement  go to state 218


State 180

   96 object: NEW ID O_PAREN • C_PAREN

    C_PAREN  shift, and go to state 219


State 181

   58 index: index • O_SQ full_exp C_SQ
   97 object: NEW prime_type index •

    O_SQ  shift, and go to state 170

    $default  reduce using rule 97 (object)


State 182

   94 exp: O_PAREN full_exp C_PAREN •

    $default  reduce using rule 94 (exp)


State 183

   84 exp: ID DOT LENGTH •

    $default  reduce using rule 84 (exp)


State 184

   90 exp: ID DOT ID • O_PAREN exp_list C_PAREN
   92    | ID DOT ID • O_PAREN C_PAREN

    O_PAREN  shift, and go to state 220


State 185

   85 exp: ID index DOT • LENGTH

    LENGTH  shift, and go to state 221


State 186

   33 method_decl: PUBLIC type ID O_PAREN C_PAREN O_BR RETURN full_exp SEMI C_BR •

    $default  reduce using rule 33 (method_decl)


State 187

   61 or_term: or_term OR and_term •
   63 and_term: and_term • AND eq_term

    AND  shift, and go to state 147

    $default  reduce using rule 61 (or_term)


State 188

   63 and_term: and_term AND eq_term •
   65 eq_term: eq_term • EQEQ gr_le_term
   66        | eq_term • N_EQ gr_le_term

    EQEQ  shift, and go to state 148
    N_EQ  shift, and go to state 149

    $default  reduce using rule 63 (and_term)


State 189

   65 eq_term: eq_term EQEQ gr_le_term •
   68 gr_le_term: gr_le_term • LESS add_term
   69           | gr_le_term • GREAT add_term
   70           | gr_le_term • L_EQ add_term
   71           | gr_le_term • G_EQ add_term

    G_EQ   shift, and go to state 150
    L_EQ   shift, and go to state 151
    GREAT  shift, and go to state 152
    LESS   shift, and go to state 153

    $default  reduce using rule 65 (eq_term)


State 190

   66 eq_term: eq_term N_EQ gr_le_term •
   68 gr_le_term: gr_le_term • LESS add_term
   69           | gr_le_term • GREAT add_term
   70           | gr_le_term • L_EQ add_term
   71           | gr_le_term • G_EQ add_term

    G_EQ   shift, and go to state 150
    L_EQ   shift, and go to state 151
    GREAT  shift, and go to state 152
    LESS   shift, and go to state 153

    $default  reduce using rule 66 (eq_term)


State 191

   71 gr_le_term: gr_le_term G_EQ add_term •
   73 add_term: add_term • PLUS mul_term
   74         | add_term • MINUS mul_term

    PLUS   shift, and go to state 154
    MINUS  shift, and go to state 155

    $default  reduce using rule 71 (gr_le_term)


State 192

   70 gr_le_term: gr_le_term L_EQ add_term •
   73 add_term: add_term • PLUS mul_term
   74         | add_term • MINUS mul_term

    PLUS   shift, and go to state 154
    MINUS  shift, and go to state 155

    $default  reduce using rule 70 (gr_le_term)


State 193

   69 gr_le_term: gr_le_term GREAT add_term •
   73 add_term: add_term • PLUS mul_term
   74         | add_term • MINUS mul_term

    PLUS   shift, and go to state 154
    MINUS  shift, and go to state 155

    $default  reduce using rule 69 (gr_le_term)


State 194

   68 gr_le_term: gr_le_term LESS add_term •
   73 add_term: add_term • PLUS mul_term
   74         | add_term • MINUS mul_term

    PLUS   shift, and go to state 154
    MINUS  shift, and go to state 155

    $default  reduce using rule 68 (gr_le_term)


State 195

   73 add_term: add_term PLUS mul_term •
   76 mul_term: mul_term • DIV un_op
   77         | mul_term • MUL un_op

    MUL  shift, and go to state 156
    DIV  shift, and go to state 157

    $default  reduce using rule 73 (add_term)


State 196

   74 add_term: add_term MINUS mul_term •
   76 mul_term: mul_term • DIV un_op
   77         | mul_term • MUL un_op

    MUL  shift, and go to state 156
    DIV  shift, and go to state 157

    $default  reduce using rule 74 (add_term)


State 197

   77 mul_term: mul_term MUL un_op •

    $default  reduce using rule 77 (mul_term)


State 198

   76 mul_term: mul_term DIV un_op •

    $default  reduce using rule 76 (mul_term)


State 199

   91 exp: object DOT ID • O_PAREN exp_list C_PAREN
   93    | object DOT ID • O_PAREN C_PAREN

    O_PAREN  shift, and go to state 222


State 200

   51 statement: PRINT_STATE O_PAREN STRING_LITERAL C_PAREN • SEMI

    SEMI  shift, and go to state 223


State 201

   50 statement: PRINT_STATE O_PAREN full_exp C_PAREN • SEMI

    SEMI  shift, and go to state 224


State 202

   53 statement: PRINT_STATE_LN O_PAREN STRING_LITERAL C_PAREN • SEMI

    SEMI  shift, and go to state 225


State 203

   52 statement: PRINT_STATE_LN O_PAREN full_exp C_PAREN • SEMI

    SEMI  shift, and go to state 226


State 204

   48 statement: IF O_PAREN full_exp C_PAREN • statement ELSE statement

    RETURN          shift, and go to state 119
    PRINT_STATE     shift, and go to state 81
    PRINT_STATE_LN  shift, and go to state 82
    IF              shift, and go to state 83
    WHILE           shift, and go to state 84
    O_BR            shift, and go to state 85
    ID              shift, and go to state 121

    statement  go to state 227


State 205

   49 statement: WHILE O_PAREN full_exp C_PAREN • statement

    RETURN          shift, and go to state 119
    PRINT_STATE     shift, and go to state 81
    PRINT_STATE_LN  shift, and go to state 82
    IF              shift, and go to state 83
    WHILE           shift, and go to state 84
    O_BR            shift, and go to state 85
    ID              shift, and go to state 121

    statement  go to state 228


State 206

   56 statement: RETURN full_exp SEMI •

    $default  reduce using rule 56 (statement)


State 207

   54 statement: ID EQUAL full_exp SEMI •

    $default  reduce using rule 54 (statement)


State 208

   57 index: O_SQ full_exp C_SQ •

    $default  reduce using rule 57 (index)


State 209

   55 statement: ID index EQUAL full_exp • SEMI

    SEMI  shift, and go to state 229


State 210

   58 index: index O_SQ full_exp • C_SQ

    C_SQ  shift, and go to state 230


State 211

   31 method_decl: PUBLIC type ID O_PAREN C_PAREN O_BR var_decl_list RETURN full_exp SEMI • C_BR
   56 statement: RETURN full_exp SEMI •

    C_BR  shift, and go to state 231

    $default  reduce using rule 56 (statement)


State 212

   27 method_decl: PUBLIC type ID O_PAREN C_PAREN O_BR var_decl_list statement_list RETURN full_exp • SEMI C_BR
   56 statement: RETURN full_exp • SEMI

    SEMI  shift, and go to state 232


State 213

   29 method_decl: PUBLIC type ID O_PAREN C_PAREN O_BR statement_list RETURN full_exp SEMI • C_BR
   56 statement: RETURN full_exp SEMI •

    C_BR  shift, and go to state 233

    $default  reduce using rule 56 (statement)


State 214

   32 method_decl: PUBLIC type ID O_PAREN formal_list C_PAREN O_BR RETURN full_exp SEMI • C_BR
   56 statement: RETURN full_exp SEMI •

    C_BR  shift, and go to state 234

    $default  reduce using rule 56 (statement)


State 215

   30 method_decl: PUBLIC type ID O_PAREN formal_list C_PAREN O_BR var_decl_list RETURN full_exp • SEMI C_BR
   56 statement: RETURN full_exp • SEMI

    SEMI  shift, and go to state 235


State 216

   26 method_decl: PUBLIC type ID O_PAREN formal_list C_PAREN O_BR var_decl_list statement_list RETURN • full_exp SEMI C_BR
   56 statement: RETURN • full_exp SEMI

    THIS             shift, and go to state 95
    NEW              shift, and go to state 96
    NOT              shift, and go to state 97
    PLUS             shift, and go to state 98
    MINUS            shift, and go to state 99
    TRUE             shift, and go to state 100
    FALSE            shift, and go to state 101
    O_PAREN          shift, and go to state 102
    INTEGER_LITERAL  shift, and go to state 103
    ID               shift, and go to state 104

    full_exp    go to state 236
    or_term     go to state 106
    and_term    go to state 107
    eq_term     go to state 108
    gr_le_term  go to state 109
    add_term    go to state 110
    mul_term    go to state 111
    un_op       go to state 112
    exp         go to state 113
    object      go to state 114


State 217

   28 method_decl: PUBLIC type ID O_PAREN formal_list C_PAREN O_BR statement_list RETURN full_exp • SEMI C_BR
   56 statement: RETURN full_exp • SEMI

    SEMI  shift, and go to state 237


State 218

    3 main_class: CLASS ID O_BR PUBLIC STATIC VOID MAIN O_PAREN STRING O_SQ C_SQ ID C_PAREN O_BR statement • C_BR C_BR

    C_BR  shift, and go to state 238


State 219

   96 object: NEW ID O_PAREN C_PAREN •

    $default  reduce using rule 96 (object)


State 220

   90 exp: ID DOT ID O_PAREN • exp_list C_PAREN
   92    | ID DOT ID O_PAREN • C_PAREN

    THIS             shift, and go to state 95
    NEW              shift, and go to state 96
    NOT              shift, and go to state 97
    PLUS             shift, and go to state 98
    MINUS            shift, and go to state 99
    TRUE             shift, and go to state 100
    FALSE            shift, and go to state 101
    O_PAREN          shift, and go to state 102
    C_PAREN          shift, and go to state 239
    INTEGER_LITERAL  shift, and go to state 103
    ID               shift, and go to state 104

    full_exp    go to state 240
    or_term     go to state 106
    and_term    go to state 107
    eq_term     go to state 108
    gr_le_term  go to state 109
    add_term    go to state 110
    mul_term    go to state 111
    un_op       go to state 112
    exp         go to state 113
    object      go to state 114
    exp_list    go to state 241


State 221

   85 exp: ID index DOT LENGTH •

    $default  reduce using rule 85 (exp)


State 222

   91 exp: object DOT ID O_PAREN • exp_list C_PAREN
   93    | object DOT ID O_PAREN • C_PAREN

    THIS             shift, and go to state 95
    NEW              shift, and go to state 96
    NOT              shift, and go to state 97
    PLUS             shift, and go to state 98
    MINUS            shift, and go to state 99
    TRUE             shift, and go to state 100
    FALSE            shift, and go to state 101
    O_PAREN          shift, and go to state 102
    C_PAREN          shift, and go to state 242
    INTEGER_LITERAL  shift, and go to state 103
    ID               shift, and go to state 104

    full_exp    go to state 240
    or_term     go to state 106
    and_term    go to state 107
    eq_term     go to state 108
    gr_le_term  go to state 109
    add_term    go to state 110
    mul_term    go to state 111
    un_op       go to state 112
    exp         go to state 113
    object      go to state 114
    exp_list    go to state 243


State 223

   51 statement: PRINT_STATE O_PAREN STRING_LITERAL C_PAREN SEMI •

    $default  reduce using rule 51 (statement)


State 224

   50 statement: PRINT_STATE O_PAREN full_exp C_PAREN SEMI •

    $default  reduce using rule 50 (statement)


State 225

   53 statement: PRINT_STATE_LN O_PAREN STRING_LITERAL C_PAREN SEMI •

    $default  reduce using rule 53 (statement)


State 226

   52 statement: PRINT_STATE_LN O_PAREN full_exp C_PAREN SEMI •

    $default  reduce using rule 52 (statement)


State 227

   48 statement: IF O_PAREN full_exp C_PAREN statement • ELSE statement

    ELSE  shift, and go to state 244


State 228

   49 statement: WHILE O_PAREN full_exp C_PAREN statement •

    $default  reduce using rule 49 (statement)


State 229

   55 statement: ID index EQUAL full_exp SEMI •

    $default  reduce using rule 55 (statement)


State 230

   58 index: index O_SQ full_exp C_SQ •

    $default  reduce using rule 58 (index)


State 231

   31 method_decl: PUBLIC type ID O_PAREN C_PAREN O_BR var_decl_list RETURN full_exp SEMI C_BR •

    $default  reduce using rule 31 (method_decl)


State 232

   27 method_decl: PUBLIC type ID O_PAREN C_PAREN O_BR var_decl_list statement_list RETURN full_exp SEMI • C_BR
   56 statement: RETURN full_exp SEMI •

    C_BR  shift, and go to state 245

    $default  reduce using rule 56 (statement)


State 233

   29 method_decl: PUBLIC type ID O_PAREN C_PAREN O_BR statement_list RETURN full_exp SEMI C_BR •

    $default  reduce using rule 29 (method_decl)


State 234

   32 method_decl: PUBLIC type ID O_PAREN formal_list C_PAREN O_BR RETURN full_exp SEMI C_BR •

    $default  reduce using rule 32 (method_decl)


State 235

   30 method_decl: PUBLIC type ID O_PAREN formal_list C_PAREN O_BR var_decl_list RETURN full_exp SEMI • C_BR
   56 statement: RETURN full_exp SEMI •

    C_BR  shift, and go to state 246

    $default  reduce using rule 56 (statement)


State 236

   26 method_decl: PUBLIC type ID O_PAREN formal_list C_PAREN O_BR var_decl_list statement_list RETURN full_exp • SEMI C_BR
   56 statement: RETURN full_exp • SEMI

    SEMI  shift, and go to state 247


State 237

   28 method_decl: PUBLIC type ID O_PAREN formal_list C_PAREN O_BR statement_list RETURN full_exp SEMI • C_BR
   56 statement: RETURN full_exp SEMI •

    C_BR  shift, and go to state 248

    $default  reduce using rule 56 (statement)


State 238

    3 main_class: CLASS ID O_BR PUBLIC STATIC VOID MAIN O_PAREN STRING O_SQ C_SQ ID C_PAREN O_BR statement C_BR • C_BR

    C_BR  shift, and go to state 249


State 239

   92 exp: ID DOT ID O_PAREN C_PAREN •

    $default  reduce using rule 92 (exp)


State 240

  100 exp_list: full_exp • exp_rest_list
  101         | full_exp •

    COMMA  shift, and go to state 250

    $default  reduce using rule 101 (exp_list)

    exp_rest_list  go to state 251
    exp_rest       go to state 252


State 241

   90 exp: ID DOT ID O_PAREN exp_list • C_PAREN

    C_PAREN  shift, and go to state 253


State 242

   93 exp: object DOT ID O_PAREN C_PAREN •

    $default  reduce using rule 93 (exp)


State 243

   91 exp: object DOT ID O_PAREN exp_list • C_PAREN

    C_PAREN  shift, and go to state 254


State 244

   48 statement: IF O_PAREN full_exp C_PAREN statement ELSE • statement

    RETURN          shift, and go to state 119
    PRINT_STATE     shift, and go to state 81
    PRINT_STATE_LN  shift, and go to state 82
    IF              shift, and go to state 83
    WHILE           shift, and go to state 84
    O_BR            shift, and go to state 85
    ID              shift, and go to state 121

    statement  go to state 255


State 245

   27 method_decl: PUBLIC type ID O_PAREN C_PAREN O_BR var_decl_list statement_list RETURN full_exp SEMI C_BR •

    $default  reduce using rule 27 (method_decl)


State 246

   30 method_decl: PUBLIC type ID O_PAREN formal_list C_PAREN O_BR var_decl_list RETURN full_exp SEMI C_BR •

    $default  reduce using rule 30 (method_decl)


State 247

   26 method_decl: PUBLIC type ID O_PAREN formal_list C_PAREN O_BR var_decl_list statement_list RETURN full_exp SEMI • C_BR
   56 statement: RETURN full_exp SEMI •

    C_BR  shift, and go to state 256

    $default  reduce using rule 56 (statement)


State 248

   28 method_decl: PUBLIC type ID O_PAREN formal_list C_PAREN O_BR statement_list RETURN full_exp SEMI C_BR •

    $default  reduce using rule 28 (method_decl)


State 249

    3 main_class: CLASS ID O_BR PUBLIC STATIC VOID MAIN O_PAREN STRING O_SQ C_SQ ID C_PAREN O_BR statement C_BR C_BR •

    $default  reduce using rule 3 (main_class)


State 250

  102 exp_rest: COMMA • full_exp

    THIS             shift, and go to state 95
    NEW              shift, and go to state 96
    NOT              shift, and go to state 97
    PLUS             shift, and go to state 98
    MINUS            shift, and go to state 99
    TRUE             shift, and go to state 100
    FALSE            shift, and go to state 101
    O_PAREN          shift, and go to state 102
    INTEGER_LITERAL  shift, and go to state 103
    ID               shift, and go to state 104

    full_exp    go to state 257
    or_term     go to state 106
    and_term    go to state 107
    eq_term     go to state 108
    gr_le_term  go to state 109
    add_term    go to state 110
    mul_term    go to state 111
    un_op       go to state 112
    exp         go to state 113
    object      go to state 114


State 251

   98 exp_rest_list: exp_rest_list • exp_rest
  100 exp_list: full_exp exp_rest_list •

    COMMA  shift, and go to state 250

    $default  reduce using rule 100 (exp_list)

    exp_rest  go to state 258


State 252

   99 exp_rest_list: exp_rest •

    $default  reduce using rule 99 (exp_rest_list)


State 253

   90 exp: ID DOT ID O_PAREN exp_list C_PAREN •

    $default  reduce using rule 90 (exp)


State 254

   91 exp: object DOT ID O_PAREN exp_list C_PAREN •

    $default  reduce using rule 91 (exp)


State 255

   48 statement: IF O_PAREN full_exp C_PAREN statement ELSE statement •

    $default  reduce using rule 48 (statement)


State 256

   26 method_decl: PUBLIC type ID O_PAREN formal_list C_PAREN O_BR var_decl_list statement_list RETURN full_exp SEMI C_BR •

    $default  reduce using rule 26 (method_decl)


State 257

  102 exp_rest: COMMA full_exp •

    $default  reduce using rule 102 (exp_rest)


State 258

   98 exp_rest_list: exp_rest_list exp_rest •

    $default  reduce using rule 98 (exp_rest_list)
